CRITICAL - 2022-03-12 06:04:49 --> Call to a member function view() on null
#0 C:\laragon\www\WebTiketPesawat\system\View\View.php(210): include()
#1 C:\laragon\www\WebTiketPesawat\system\View\View.php(213): CodeIgniter\View\View->CodeIgniter\View\{closure}()
#2 C:\laragon\www\WebTiketPesawat\system\Common.php(1089): CodeIgniter\View\View->render('index', Array, true)
#3 C:\laragon\www\WebTiketPesawat\app\Controllers\Home.php(10): view('index')
#4 C:\laragon\www\WebTiketPesawat\system\CodeIgniter.php(832): App\Controllers\Home->index()
#5 C:\laragon\www\WebTiketPesawat\system\CodeIgniter.php(419): CodeIgniter\CodeIgniter->runController(Object(App\Controllers\Home))
#6 C:\laragon\www\WebTiketPesawat\system\CodeIgniter.php(326): CodeIgniter\CodeIgniter->handleRequest(NULL, Object(Config\Cache), false)
#7 C:\laragon\www\WebTiketPesawat\index.php(37): CodeIgniter\CodeIgniter->run()
#8 {main}
CRITICAL - 2022-03-12 06:05:50 --> Call to a member function view() on null
#0 C:\laragon\www\WebTiketPesawat\system\CodeIgniter.php(832): App\Controllers\Home->index()
#1 C:\laragon\www\WebTiketPesawat\system\CodeIgniter.php(419): CodeIgniter\CodeIgniter->runController(Object(App\Controllers\Home))
#2 C:\laragon\www\WebTiketPesawat\system\CodeIgniter.php(326): CodeIgniter\CodeIgniter->handleRequest(NULL, Object(Config\Cache), false)
#3 C:\laragon\www\WebTiketPesawat\index.php(37): CodeIgniter\CodeIgniter->run()
#4 {main}
CRITICAL - 2022-03-12 06:05:51 --> Call to a member function view() on null
#0 C:\laragon\www\WebTiketPesawat\system\CodeIgniter.php(832): App\Controllers\Home->index()
#1 C:\laragon\www\WebTiketPesawat\system\CodeIgniter.php(419): CodeIgniter\CodeIgniter->runController(Object(App\Controllers\Home))
#2 C:\laragon\www\WebTiketPesawat\system\CodeIgniter.php(326): CodeIgniter\CodeIgniter->handleRequest(NULL, Object(Config\Cache), false)
#3 C:\laragon\www\WebTiketPesawat\index.php(37): CodeIgniter\CodeIgniter->run()
#4 {main}
CRITICAL - 2022-03-12 06:08:55 --> Call to a member function view() on null
#0 C:\laragon\www\WebTiketPesawat\system\View\View.php(210): include()
#1 C:\laragon\www\WebTiketPesawat\system\View\View.php(213): CodeIgniter\View\View->CodeIgniter\View\{closure}()
#2 C:\laragon\www\WebTiketPesawat\system\Common.php(1089): CodeIgniter\View\View->render('index', Array, true)
#3 C:\laragon\www\WebTiketPesawat\app\Controllers\Home.php(10): view('index')
#4 C:\laragon\www\WebTiketPesawat\system\CodeIgniter.php(832): App\Controllers\Home->index()
#5 C:\laragon\www\WebTiketPesawat\system\CodeIgniter.php(419): CodeIgniter\CodeIgniter->runController(Object(App\Controllers\Home))
#6 C:\laragon\www\WebTiketPesawat\system\CodeIgniter.php(326): CodeIgniter\CodeIgniter->handleRequest(NULL, Object(Config\Cache), false)
#7 C:\laragon\www\WebTiketPesawat\index.php(37): CodeIgniter\CodeIgniter->run()
#8 {main}
CRITICAL - 2022-03-12 06:08:55 --> Call to a member function view() on null
#0 C:\laragon\www\WebTiketPesawat\system\View\View.php(210): include()
#1 C:\laragon\www\WebTiketPesawat\system\View\View.php(213): CodeIgniter\View\View->CodeIgniter\View\{closure}()
#2 C:\laragon\www\WebTiketPesawat\system\Common.php(1089): CodeIgniter\View\View->render('index', Array, true)
#3 C:\laragon\www\WebTiketPesawat\app\Controllers\Home.php(10): view('index')
#4 C:\laragon\www\WebTiketPesawat\system\CodeIgniter.php(832): App\Controllers\Home->index()
#5 C:\laragon\www\WebTiketPesawat\system\CodeIgniter.php(419): CodeIgniter\CodeIgniter->runController(Object(App\Controllers\Home))
#6 C:\laragon\www\WebTiketPesawat\system\CodeIgniter.php(326): CodeIgniter\CodeIgniter->handleRequest(NULL, Object(Config\Cache), false)
#7 C:\laragon\www\WebTiketPesawat\index.php(37): CodeIgniter\CodeIgniter->run()
#8 {main}
CRITICAL - 2022-03-12 06:08:56 --> Call to a member function view() on null
#0 C:\laragon\www\WebTiketPesawat\system\View\View.php(210): include()
#1 C:\laragon\www\WebTiketPesawat\system\View\View.php(213): CodeIgniter\View\View->CodeIgniter\View\{closure}()
#2 C:\laragon\www\WebTiketPesawat\system\Common.php(1089): CodeIgniter\View\View->render('index', Array, true)
#3 C:\laragon\www\WebTiketPesawat\app\Controllers\Home.php(10): view('index')
#4 C:\laragon\www\WebTiketPesawat\system\CodeIgniter.php(832): App\Controllers\Home->index()
#5 C:\laragon\www\WebTiketPesawat\system\CodeIgniter.php(419): CodeIgniter\CodeIgniter->runController(Object(App\Controllers\Home))
#6 C:\laragon\www\WebTiketPesawat\system\CodeIgniter.php(326): CodeIgniter\CodeIgniter->handleRequest(NULL, Object(Config\Cache), false)
#7 C:\laragon\www\WebTiketPesawat\index.php(37): CodeIgniter\CodeIgniter->run()
#8 {main}
CRITICAL - 2022-03-12 06:08:56 --> Call to a member function view() on null
#0 C:\laragon\www\WebTiketPesawat\system\View\View.php(210): include()
#1 C:\laragon\www\WebTiketPesawat\system\View\View.php(213): CodeIgniter\View\View->CodeIgniter\View\{closure}()
#2 C:\laragon\www\WebTiketPesawat\system\Common.php(1089): CodeIgniter\View\View->render('index', Array, true)
#3 C:\laragon\www\WebTiketPesawat\app\Controllers\Home.php(10): view('index')
#4 C:\laragon\www\WebTiketPesawat\system\CodeIgniter.php(832): App\Controllers\Home->index()
#5 C:\laragon\www\WebTiketPesawat\system\CodeIgniter.php(419): CodeIgniter\CodeIgniter->runController(Object(App\Controllers\Home))
#6 C:\laragon\www\WebTiketPesawat\system\CodeIgniter.php(326): CodeIgniter\CodeIgniter->handleRequest(NULL, Object(Config\Cache), false)
#7 C:\laragon\www\WebTiketPesawat\index.php(37): CodeIgniter\CodeIgniter->run()
#8 {main}
CRITICAL - 2022-03-12 06:08:56 --> Call to a member function view() on null
#0 C:\laragon\www\WebTiketPesawat\system\View\View.php(210): include()
#1 C:\laragon\www\WebTiketPesawat\system\View\View.php(213): CodeIgniter\View\View->CodeIgniter\View\{closure}()
#2 C:\laragon\www\WebTiketPesawat\system\Common.php(1089): CodeIgniter\View\View->render('index', Array, true)
#3 C:\laragon\www\WebTiketPesawat\app\Controllers\Home.php(10): view('index')
#4 C:\laragon\www\WebTiketPesawat\system\CodeIgniter.php(832): App\Controllers\Home->index()
#5 C:\laragon\www\WebTiketPesawat\system\CodeIgniter.php(419): CodeIgniter\CodeIgniter->runController(Object(App\Controllers\Home))
#6 C:\laragon\www\WebTiketPesawat\system\CodeIgniter.php(326): CodeIgniter\CodeIgniter->handleRequest(NULL, Object(Config\Cache), false)
#7 C:\laragon\www\WebTiketPesawat\index.php(37): CodeIgniter\CodeIgniter->run()
#8 {main}
CRITICAL - 2022-03-12 06:08:56 --> Call to a member function view() on null
#0 C:\laragon\www\WebTiketPesawat\system\View\View.php(210): include()
#1 C:\laragon\www\WebTiketPesawat\system\View\View.php(213): CodeIgniter\View\View->CodeIgniter\View\{closure}()
#2 C:\laragon\www\WebTiketPesawat\system\Common.php(1089): CodeIgniter\View\View->render('index', Array, true)
#3 C:\laragon\www\WebTiketPesawat\app\Controllers\Home.php(10): view('index')
#4 C:\laragon\www\WebTiketPesawat\system\CodeIgniter.php(832): App\Controllers\Home->index()
#5 C:\laragon\www\WebTiketPesawat\system\CodeIgniter.php(419): CodeIgniter\CodeIgniter->runController(Object(App\Controllers\Home))
#6 C:\laragon\www\WebTiketPesawat\system\CodeIgniter.php(326): CodeIgniter\CodeIgniter->handleRequest(NULL, Object(Config\Cache), false)
#7 C:\laragon\www\WebTiketPesawat\index.php(37): CodeIgniter\CodeIgniter->run()
#8 {main}
CRITICAL - 2022-03-12 06:09:23 --> Call to a member function view() on null
#0 C:\laragon\www\WebTiketPesawat\system\View\View.php(210): include()
#1 C:\laragon\www\WebTiketPesawat\system\View\View.php(213): CodeIgniter\View\View->CodeIgniter\View\{closure}()
#2 C:\laragon\www\WebTiketPesawat\system\Common.php(1089): CodeIgniter\View\View->render('index', Array, true)
#3 C:\laragon\www\WebTiketPesawat\app\Controllers\Home.php(10): view('index')
#4 C:\laragon\www\WebTiketPesawat\system\CodeIgniter.php(832): App\Controllers\Home->index()
#5 C:\laragon\www\WebTiketPesawat\system\CodeIgniter.php(419): CodeIgniter\CodeIgniter->runController(Object(App\Controllers\Home))
#6 C:\laragon\www\WebTiketPesawat\system\CodeIgniter.php(326): CodeIgniter\CodeIgniter->handleRequest(NULL, Object(Config\Cache), false)
#7 C:\laragon\www\WebTiketPesawat\index.php(37): CodeIgniter\CodeIgniter->run()
#8 {main}
CRITICAL - 2022-03-12 06:09:24 --> Call to a member function view() on null
#0 C:\laragon\www\WebTiketPesawat\system\View\View.php(210): include()
#1 C:\laragon\www\WebTiketPesawat\system\View\View.php(213): CodeIgniter\View\View->CodeIgniter\View\{closure}()
#2 C:\laragon\www\WebTiketPesawat\system\Common.php(1089): CodeIgniter\View\View->render('index', Array, true)
#3 C:\laragon\www\WebTiketPesawat\app\Controllers\Home.php(10): view('index')
#4 C:\laragon\www\WebTiketPesawat\system\CodeIgniter.php(832): App\Controllers\Home->index()
#5 C:\laragon\www\WebTiketPesawat\system\CodeIgniter.php(419): CodeIgniter\CodeIgniter->runController(Object(App\Controllers\Home))
#6 C:\laragon\www\WebTiketPesawat\system\CodeIgniter.php(326): CodeIgniter\CodeIgniter->handleRequest(NULL, Object(Config\Cache), false)
#7 C:\laragon\www\WebTiketPesawat\index.php(37): CodeIgniter\CodeIgniter->run()
#8 {main}
CRITICAL - 2022-03-12 06:09:24 --> Call to a member function view() on null
#0 C:\laragon\www\WebTiketPesawat\system\View\View.php(210): include()
#1 C:\laragon\www\WebTiketPesawat\system\View\View.php(213): CodeIgniter\View\View->CodeIgniter\View\{closure}()
#2 C:\laragon\www\WebTiketPesawat\system\Common.php(1089): CodeIgniter\View\View->render('index', Array, true)
#3 C:\laragon\www\WebTiketPesawat\app\Controllers\Home.php(10): view('index')
#4 C:\laragon\www\WebTiketPesawat\system\CodeIgniter.php(832): App\Controllers\Home->index()
#5 C:\laragon\www\WebTiketPesawat\system\CodeIgniter.php(419): CodeIgniter\CodeIgniter->runController(Object(App\Controllers\Home))
#6 C:\laragon\www\WebTiketPesawat\system\CodeIgniter.php(326): CodeIgniter\CodeIgniter->handleRequest(NULL, Object(Config\Cache), false)
#7 C:\laragon\www\WebTiketPesawat\index.php(37): CodeIgniter\CodeIgniter->run()
#8 {main}
CRITICAL - 2022-03-12 06:09:24 --> Call to a member function view() on null
#0 C:\laragon\www\WebTiketPesawat\system\View\View.php(210): include()
#1 C:\laragon\www\WebTiketPesawat\system\View\View.php(213): CodeIgniter\View\View->CodeIgniter\View\{closure}()
#2 C:\laragon\www\WebTiketPesawat\system\Common.php(1089): CodeIgniter\View\View->render('index', Array, true)
#3 C:\laragon\www\WebTiketPesawat\app\Controllers\Home.php(10): view('index')
#4 C:\laragon\www\WebTiketPesawat\system\CodeIgniter.php(832): App\Controllers\Home->index()
#5 C:\laragon\www\WebTiketPesawat\system\CodeIgniter.php(419): CodeIgniter\CodeIgniter->runController(Object(App\Controllers\Home))
#6 C:\laragon\www\WebTiketPesawat\system\CodeIgniter.php(326): CodeIgniter\CodeIgniter->handleRequest(NULL, Object(Config\Cache), false)
#7 C:\laragon\www\WebTiketPesawat\index.php(37): CodeIgniter\CodeIgniter->run()
#8 {main}
CRITICAL - 2022-03-12 07:42:34 --> Invalid file: styler/footer.php
#0 C:\laragon\www\WebTiketPesawat\system\View\View.php(198): CodeIgniter\Exceptions\FrameworkException::forInvalidFile('styler/footer.p...')
#1 C:\laragon\www\WebTiketPesawat\system\Common.php(1089): CodeIgniter\View\View->render('styler/footer', Array, true)
#2 C:\laragon\www\WebTiketPesawat\app\Controllers\Home.php(11): view('styler/footer')
#3 C:\laragon\www\WebTiketPesawat\system\CodeIgniter.php(832): App\Controllers\Home->index()
#4 C:\laragon\www\WebTiketPesawat\system\CodeIgniter.php(419): CodeIgniter\CodeIgniter->runController(Object(App\Controllers\Home))
#5 C:\laragon\www\WebTiketPesawat\system\CodeIgniter.php(326): CodeIgniter\CodeIgniter->handleRequest(NULL, Object(Config\Cache), false)
#6 C:\laragon\www\WebTiketPesawat\index.php(37): CodeIgniter\CodeIgniter->run()
#7 {main}
CRITICAL - 2022-03-12 07:43:26 --> Invalid file: styler/footer.php
#0 C:\laragon\www\WebTiketPesawat\system\View\View.php(198): CodeIgniter\Exceptions\FrameworkException::forInvalidFile('styler/footer.p...')
#1 C:\laragon\www\WebTiketPesawat\system\Common.php(1089): CodeIgniter\View\View->render('styler/footer', Array, true)
#2 C:\laragon\www\WebTiketPesawat\app\Controllers\Home.php(11): view('styler/footer')
#3 C:\laragon\www\WebTiketPesawat\system\CodeIgniter.php(832): App\Controllers\Home->index()
#4 C:\laragon\www\WebTiketPesawat\system\CodeIgniter.php(419): CodeIgniter\CodeIgniter->runController(Object(App\Controllers\Home))
#5 C:\laragon\www\WebTiketPesawat\system\CodeIgniter.php(326): CodeIgniter\CodeIgniter->handleRequest(NULL, Object(Config\Cache), false)
#6 C:\laragon\www\WebTiketPesawat\index.php(37): CodeIgniter\CodeIgniter->run()
#7 {main}
CRITICAL - 2022-03-12 07:46:22 --> Invalid file: styler/footer.php
#0 C:\laragon\www\WebTiketPesawat\system\View\View.php(198): CodeIgniter\Exceptions\FrameworkException::forInvalidFile('styler/footer.p...')
#1 C:\laragon\www\WebTiketPesawat\system\Common.php(1089): CodeIgniter\View\View->render('styler/footer', Array, true)
#2 C:\laragon\www\WebTiketPesawat\app\Controllers\Home.php(11): view('styler/footer')
#3 C:\laragon\www\WebTiketPesawat\system\CodeIgniter.php(832): App\Controllers\Home->index()
#4 C:\laragon\www\WebTiketPesawat\system\CodeIgniter.php(419): CodeIgniter\CodeIgniter->runController(Object(App\Controllers\Home))
#5 C:\laragon\www\WebTiketPesawat\system\CodeIgniter.php(326): CodeIgniter\CodeIgniter->handleRequest(NULL, Object(Config\Cache), false)
#6 C:\laragon\www\WebTiketPesawat\index.php(37): CodeIgniter\CodeIgniter->run()
#7 {main}
CRITICAL - 2022-03-12 10:05:19 --> Invalid file: styler/header.php
#0 C:\laragon\www\WebTiketPesawat\system\View\View.php(198): CodeIgniter\Exceptions\FrameworkException::forInvalidFile('styler/header.p...')
#1 C:\laragon\www\WebTiketPesawat\system\Common.php(1089): CodeIgniter\View\View->render('styler/header', Array, true)
#2 C:\laragon\www\WebTiketPesawat\app\Controllers\Home.php(9): view('styler/header')
#3 C:\laragon\www\WebTiketPesawat\system\CodeIgniter.php(832): App\Controllers\Home->index()
#4 C:\laragon\www\WebTiketPesawat\system\CodeIgniter.php(419): CodeIgniter\CodeIgniter->runController(Object(App\Controllers\Home))
#5 C:\laragon\www\WebTiketPesawat\system\CodeIgniter.php(326): CodeIgniter\CodeIgniter->handleRequest(NULL, Object(Config\Cache), false)
#6 C:\laragon\www\WebTiketPesawat\index.php(37): CodeIgniter\CodeIgniter->run()
#7 {main}
