CRITICAL - 2022-03-15 09:51:56 --> Undefined property: App\Controllers\A_index::$pesawats
#0 C:\laragon\www\WebTiketPesawat\app\Controllers\A_index.php(19): CodeIgniter\Debug\Exceptions->errorHandler(8, 'Undefined prope...', 'C:\\laragon\\www\\...', 19, Array)
#1 C:\laragon\www\WebTiketPesawat\system\CodeIgniter.php(832): App\Controllers\A_index->index()
#2 C:\laragon\www\WebTiketPesawat\system\CodeIgniter.php(419): CodeIgniter\CodeIgniter->runController(Object(App\Controllers\A_index))
#3 C:\laragon\www\WebTiketPesawat\system\CodeIgniter.php(326): CodeIgniter\CodeIgniter->handleRequest(NULL, Object(Config\Cache), false)
#4 C:\laragon\www\WebTiketPesawat\index.php(37): CodeIgniter\CodeIgniter->run()
#5 {main}
CRITICAL - 2022-03-15 09:53:00 --> Undefined property: App\Controllers\A_index::$pesawats
#0 C:\laragon\www\WebTiketPesawat\app\Controllers\A_index.php(19): CodeIgniter\Debug\Exceptions->errorHandler(8, 'Undefined prope...', 'C:\\laragon\\www\\...', 19, Array)
#1 C:\laragon\www\WebTiketPesawat\system\CodeIgniter.php(832): App\Controllers\A_index->index()
#2 C:\laragon\www\WebTiketPesawat\system\CodeIgniter.php(419): CodeIgniter\CodeIgniter->runController(Object(App\Controllers\A_index))
#3 C:\laragon\www\WebTiketPesawat\system\CodeIgniter.php(326): CodeIgniter\CodeIgniter->handleRequest(NULL, Object(Config\Cache), false)
#4 C:\laragon\www\WebTiketPesawat\index.php(37): CodeIgniter\CodeIgniter->run()
#5 {main}
CRITICAL - 2022-03-15 09:53:01 --> Undefined property: App\Controllers\A_index::$pesawats
#0 C:\laragon\www\WebTiketPesawat\app\Controllers\A_index.php(19): CodeIgniter\Debug\Exceptions->errorHandler(8, 'Undefined prope...', 'C:\\laragon\\www\\...', 19, Array)
#1 C:\laragon\www\WebTiketPesawat\system\CodeIgniter.php(832): App\Controllers\A_index->index()
#2 C:\laragon\www\WebTiketPesawat\system\CodeIgniter.php(419): CodeIgniter\CodeIgniter->runController(Object(App\Controllers\A_index))
#3 C:\laragon\www\WebTiketPesawat\system\CodeIgniter.php(326): CodeIgniter\CodeIgniter->handleRequest(NULL, Object(Config\Cache), false)
#4 C:\laragon\www\WebTiketPesawat\index.php(37): CodeIgniter\CodeIgniter->run()
#5 {main}
CRITICAL - 2022-03-15 09:53:01 --> Undefined property: App\Controllers\A_index::$pesawats
#0 C:\laragon\www\WebTiketPesawat\app\Controllers\A_index.php(19): CodeIgniter\Debug\Exceptions->errorHandler(8, 'Undefined prope...', 'C:\\laragon\\www\\...', 19, Array)
#1 C:\laragon\www\WebTiketPesawat\system\CodeIgniter.php(832): App\Controllers\A_index->index()
#2 C:\laragon\www\WebTiketPesawat\system\CodeIgniter.php(419): CodeIgniter\CodeIgniter->runController(Object(App\Controllers\A_index))
#3 C:\laragon\www\WebTiketPesawat\system\CodeIgniter.php(326): CodeIgniter\CodeIgniter->handleRequest(NULL, Object(Config\Cache), false)
#4 C:\laragon\www\WebTiketPesawat\index.php(37): CodeIgniter\CodeIgniter->run()
#5 {main}
CRITICAL - 2022-03-15 09:53:01 --> Undefined property: App\Controllers\A_index::$pesawats
#0 C:\laragon\www\WebTiketPesawat\app\Controllers\A_index.php(19): CodeIgniter\Debug\Exceptions->errorHandler(8, 'Undefined prope...', 'C:\\laragon\\www\\...', 19, Array)
#1 C:\laragon\www\WebTiketPesawat\system\CodeIgniter.php(832): App\Controllers\A_index->index()
#2 C:\laragon\www\WebTiketPesawat\system\CodeIgniter.php(419): CodeIgniter\CodeIgniter->runController(Object(App\Controllers\A_index))
#3 C:\laragon\www\WebTiketPesawat\system\CodeIgniter.php(326): CodeIgniter\CodeIgniter->handleRequest(NULL, Object(Config\Cache), false)
#4 C:\laragon\www\WebTiketPesawat\index.php(37): CodeIgniter\CodeIgniter->run()
#5 {main}
CRITICAL - 2022-03-15 09:53:01 --> Undefined property: App\Controllers\A_index::$pesawats
#0 C:\laragon\www\WebTiketPesawat\app\Controllers\A_index.php(19): CodeIgniter\Debug\Exceptions->errorHandler(8, 'Undefined prope...', 'C:\\laragon\\www\\...', 19, Array)
#1 C:\laragon\www\WebTiketPesawat\system\CodeIgniter.php(832): App\Controllers\A_index->index()
#2 C:\laragon\www\WebTiketPesawat\system\CodeIgniter.php(419): CodeIgniter\CodeIgniter->runController(Object(App\Controllers\A_index))
#3 C:\laragon\www\WebTiketPesawat\system\CodeIgniter.php(326): CodeIgniter\CodeIgniter->handleRequest(NULL, Object(Config\Cache), false)
#4 C:\laragon\www\WebTiketPesawat\index.php(37): CodeIgniter\CodeIgniter->run()
#5 {main}
CRITICAL - 2022-03-15 09:53:17 --> Invalid file: https://localhost/webtiketpesawatadmin/index.php
#0 C:\laragon\www\WebTiketPesawat\system\View\View.php(198): CodeIgniter\Exceptions\FrameworkException::forInvalidFile('https://localho...')
#1 C:\laragon\www\WebTiketPesawat\system\Common.php(1089): CodeIgniter\View\View->render('https://localho...', Array, true)
#2 C:\laragon\www\WebTiketPesawat\app\Controllers\A_index.php(25): view('https://localho...')
#3 C:\laragon\www\WebTiketPesawat\system\CodeIgniter.php(832): App\Controllers\A_index->index()
#4 C:\laragon\www\WebTiketPesawat\system\CodeIgniter.php(419): CodeIgniter\CodeIgniter->runController(Object(App\Controllers\A_index))
#5 C:\laragon\www\WebTiketPesawat\system\CodeIgniter.php(326): CodeIgniter\CodeIgniter->handleRequest(NULL, Object(Config\Cache), false)
#6 C:\laragon\www\WebTiketPesawat\index.php(37): CodeIgniter\CodeIgniter->run()
#7 {main}
CRITICAL - 2022-03-15 09:53:59 --> Invalid file: https://localhost/webtiketpesawatadmin/index.php
#0 C:\laragon\www\WebTiketPesawat\system\View\View.php(198): CodeIgniter\Exceptions\FrameworkException::forInvalidFile('https://localho...')
#1 C:\laragon\www\WebTiketPesawat\system\Common.php(1089): CodeIgniter\View\View->render('https://localho...', Array, true)
#2 C:\laragon\www\WebTiketPesawat\app\Controllers\A_index.php(25): view('https://localho...')
#3 C:\laragon\www\WebTiketPesawat\system\CodeIgniter.php(832): App\Controllers\A_index->index()
#4 C:\laragon\www\WebTiketPesawat\system\CodeIgniter.php(419): CodeIgniter\CodeIgniter->runController(Object(App\Controllers\A_index))
#5 C:\laragon\www\WebTiketPesawat\system\CodeIgniter.php(326): CodeIgniter\CodeIgniter->handleRequest(NULL, Object(Config\Cache), false)
#6 C:\laragon\www\WebTiketPesawat\index.php(37): CodeIgniter\CodeIgniter->run()
#7 {main}
CRITICAL - 2022-03-15 09:53:59 --> Invalid file: https://localhost/webtiketpesawatadmin/index.php
#0 C:\laragon\www\WebTiketPesawat\system\View\View.php(198): CodeIgniter\Exceptions\FrameworkException::forInvalidFile('https://localho...')
#1 C:\laragon\www\WebTiketPesawat\system\Common.php(1089): CodeIgniter\View\View->render('https://localho...', Array, true)
#2 C:\laragon\www\WebTiketPesawat\app\Controllers\A_index.php(25): view('https://localho...')
#3 C:\laragon\www\WebTiketPesawat\system\CodeIgniter.php(832): App\Controllers\A_index->index()
#4 C:\laragon\www\WebTiketPesawat\system\CodeIgniter.php(419): CodeIgniter\CodeIgniter->runController(Object(App\Controllers\A_index))
#5 C:\laragon\www\WebTiketPesawat\system\CodeIgniter.php(326): CodeIgniter\CodeIgniter->handleRequest(NULL, Object(Config\Cache), false)
#6 C:\laragon\www\WebTiketPesawat\index.php(37): CodeIgniter\CodeIgniter->run()
#7 {main}
CRITICAL - 2022-03-15 09:53:59 --> Invalid file: https://localhost/webtiketpesawatadmin/index.php
#0 C:\laragon\www\WebTiketPesawat\system\View\View.php(198): CodeIgniter\Exceptions\FrameworkException::forInvalidFile('https://localho...')
#1 C:\laragon\www\WebTiketPesawat\system\Common.php(1089): CodeIgniter\View\View->render('https://localho...', Array, true)
#2 C:\laragon\www\WebTiketPesawat\app\Controllers\A_index.php(25): view('https://localho...')
#3 C:\laragon\www\WebTiketPesawat\system\CodeIgniter.php(832): App\Controllers\A_index->index()
#4 C:\laragon\www\WebTiketPesawat\system\CodeIgniter.php(419): CodeIgniter\CodeIgniter->runController(Object(App\Controllers\A_index))
#5 C:\laragon\www\WebTiketPesawat\system\CodeIgniter.php(326): CodeIgniter\CodeIgniter->handleRequest(NULL, Object(Config\Cache), false)
#6 C:\laragon\www\WebTiketPesawat\index.php(37): CodeIgniter\CodeIgniter->run()
#7 {main}
CRITICAL - 2022-03-15 09:54:00 --> Invalid file: https://localhost/webtiketpesawatadmin/index.php
#0 C:\laragon\www\WebTiketPesawat\system\View\View.php(198): CodeIgniter\Exceptions\FrameworkException::forInvalidFile('https://localho...')
#1 C:\laragon\www\WebTiketPesawat\system\Common.php(1089): CodeIgniter\View\View->render('https://localho...', Array, true)
#2 C:\laragon\www\WebTiketPesawat\app\Controllers\A_index.php(25): view('https://localho...')
#3 C:\laragon\www\WebTiketPesawat\system\CodeIgniter.php(832): App\Controllers\A_index->index()
#4 C:\laragon\www\WebTiketPesawat\system\CodeIgniter.php(419): CodeIgniter\CodeIgniter->runController(Object(App\Controllers\A_index))
#5 C:\laragon\www\WebTiketPesawat\system\CodeIgniter.php(326): CodeIgniter\CodeIgniter->handleRequest(NULL, Object(Config\Cache), false)
#6 C:\laragon\www\WebTiketPesawat\index.php(37): CodeIgniter\CodeIgniter->run()
#7 {main}
CRITICAL - 2022-03-15 09:57:17 --> Undefined variable: data
#0 C:\laragon\www\WebTiketPesawat\app\Views\admin\index.php(7): CodeIgniter\Debug\Exceptions->errorHandler(8, 'Undefined varia...', 'C:\\laragon\\www\\...', 7, Array)
#1 C:\laragon\www\WebTiketPesawat\system\View\View.php(210): include('C:\\laragon\\www\\...')
#2 C:\laragon\www\WebTiketPesawat\system\View\View.php(213): CodeIgniter\View\View->CodeIgniter\View\{closure}()
#3 C:\laragon\www\WebTiketPesawat\system\Common.php(1089): CodeIgniter\View\View->render('admin/index.php', Array, true)
#4 C:\laragon\www\WebTiketPesawat\app\Controllers\A_index.php(25): view('admin/index.php')
#5 C:\laragon\www\WebTiketPesawat\system\CodeIgniter.php(832): App\Controllers\A_index->index()
#6 C:\laragon\www\WebTiketPesawat\system\CodeIgniter.php(419): CodeIgniter\CodeIgniter->runController(Object(App\Controllers\A_index))
#7 C:\laragon\www\WebTiketPesawat\system\CodeIgniter.php(326): CodeIgniter\CodeIgniter->handleRequest(NULL, Object(Config\Cache), false)
#8 C:\laragon\www\WebTiketPesawat\index.php(37): CodeIgniter\CodeIgniter->run()
#9 {main}
CRITICAL - 2022-03-15 09:57:18 --> Undefined variable: data
#0 C:\laragon\www\WebTiketPesawat\app\Views\admin\index.php(7): CodeIgniter\Debug\Exceptions->errorHandler(8, 'Undefined varia...', 'C:\\laragon\\www\\...', 7, Array)
#1 C:\laragon\www\WebTiketPesawat\system\View\View.php(210): include('C:\\laragon\\www\\...')
#2 C:\laragon\www\WebTiketPesawat\system\View\View.php(213): CodeIgniter\View\View->CodeIgniter\View\{closure}()
#3 C:\laragon\www\WebTiketPesawat\system\Common.php(1089): CodeIgniter\View\View->render('admin/index.php', Array, true)
#4 C:\laragon\www\WebTiketPesawat\app\Controllers\A_index.php(25): view('admin/index.php')
#5 C:\laragon\www\WebTiketPesawat\system\CodeIgniter.php(832): App\Controllers\A_index->index()
#6 C:\laragon\www\WebTiketPesawat\system\CodeIgniter.php(419): CodeIgniter\CodeIgniter->runController(Object(App\Controllers\A_index))
#7 C:\laragon\www\WebTiketPesawat\system\CodeIgniter.php(326): CodeIgniter\CodeIgniter->handleRequest(NULL, Object(Config\Cache), false)
#8 C:\laragon\www\WebTiketPesawat\index.php(37): CodeIgniter\CodeIgniter->run()
#9 {main}
CRITICAL - 2022-03-15 09:57:50 --> Undefined variable: title
#0 C:\laragon\www\WebTiketPesawat\app\Views\admin\index.php(7): CodeIgniter\Debug\Exceptions->errorHandler(8, 'Undefined varia...', 'C:\\laragon\\www\\...', 7, Array)
#1 C:\laragon\www\WebTiketPesawat\system\View\View.php(210): include('C:\\laragon\\www\\...')
#2 C:\laragon\www\WebTiketPesawat\system\View\View.php(213): CodeIgniter\View\View->CodeIgniter\View\{closure}()
#3 C:\laragon\www\WebTiketPesawat\system\Common.php(1089): CodeIgniter\View\View->render('admin/index.php', Array, true)
#4 C:\laragon\www\WebTiketPesawat\app\Controllers\A_index.php(25): view('admin/index.php')
#5 C:\laragon\www\WebTiketPesawat\system\CodeIgniter.php(832): App\Controllers\A_index->index()
#6 C:\laragon\www\WebTiketPesawat\system\CodeIgniter.php(419): CodeIgniter\CodeIgniter->runController(Object(App\Controllers\A_index))
#7 C:\laragon\www\WebTiketPesawat\system\CodeIgniter.php(326): CodeIgniter\CodeIgniter->handleRequest(NULL, Object(Config\Cache), false)
#8 C:\laragon\www\WebTiketPesawat\index.php(37): CodeIgniter\CodeIgniter->run()
#9 {main}
CRITICAL - 2022-03-15 09:57:56 --> Undefined variable: tittle
#0 C:\laragon\www\WebTiketPesawat\app\Views\admin\index.php(7): CodeIgniter\Debug\Exceptions->errorHandler(8, 'Undefined varia...', 'C:\\laragon\\www\\...', 7, Array)
#1 C:\laragon\www\WebTiketPesawat\system\View\View.php(210): include('C:\\laragon\\www\\...')
#2 C:\laragon\www\WebTiketPesawat\system\View\View.php(213): CodeIgniter\View\View->CodeIgniter\View\{closure}()
#3 C:\laragon\www\WebTiketPesawat\system\Common.php(1089): CodeIgniter\View\View->render('admin/index.php', Array, true)
#4 C:\laragon\www\WebTiketPesawat\app\Controllers\A_index.php(25): view('admin/index.php')
#5 C:\laragon\www\WebTiketPesawat\system\CodeIgniter.php(832): App\Controllers\A_index->index()
#6 C:\laragon\www\WebTiketPesawat\system\CodeIgniter.php(419): CodeIgniter\CodeIgniter->runController(Object(App\Controllers\A_index))
#7 C:\laragon\www\WebTiketPesawat\system\CodeIgniter.php(326): CodeIgniter\CodeIgniter->handleRequest(NULL, Object(Config\Cache), false)
#8 C:\laragon\www\WebTiketPesawat\index.php(37): CodeIgniter\CodeIgniter->run()
#9 {main}
CRITICAL - 2022-03-15 09:58:40 --> Undefined variable: tittle
#0 C:\laragon\www\WebTiketPesawat\app\Views\admin\index.php(7): CodeIgniter\Debug\Exceptions->errorHandler(8, 'Undefined varia...', 'C:\\laragon\\www\\...', 7, Array)
#1 C:\laragon\www\WebTiketPesawat\system\View\View.php(210): include('C:\\laragon\\www\\...')
#2 C:\laragon\www\WebTiketPesawat\system\View\View.php(213): CodeIgniter\View\View->CodeIgniter\View\{closure}()
#3 C:\laragon\www\WebTiketPesawat\system\Common.php(1089): CodeIgniter\View\View->render('admin/index.php', Array, true)
#4 C:\laragon\www\WebTiketPesawat\app\Controllers\A_index.php(25): view('admin/index.php', Array)
#5 C:\laragon\www\WebTiketPesawat\system\CodeIgniter.php(832): App\Controllers\A_index->index()
#6 C:\laragon\www\WebTiketPesawat\system\CodeIgniter.php(419): CodeIgniter\CodeIgniter->runController(Object(App\Controllers\A_index))
#7 C:\laragon\www\WebTiketPesawat\system\CodeIgniter.php(326): CodeIgniter\CodeIgniter->handleRequest(NULL, Object(Config\Cache), false)
#8 C:\laragon\www\WebTiketPesawat\index.php(37): CodeIgniter\CodeIgniter->run()
#9 {main}
CRITICAL - 2022-03-15 09:58:46 --> Undefined variable: tittle
#0 C:\laragon\www\WebTiketPesawat\app\Views\admin\index.php(7): CodeIgniter\Debug\Exceptions->errorHandler(8, 'Undefined varia...', 'C:\\laragon\\www\\...', 7, Array)
#1 C:\laragon\www\WebTiketPesawat\system\View\View.php(210): include('C:\\laragon\\www\\...')
#2 C:\laragon\www\WebTiketPesawat\system\View\View.php(213): CodeIgniter\View\View->CodeIgniter\View\{closure}()
#3 C:\laragon\www\WebTiketPesawat\system\Common.php(1089): CodeIgniter\View\View->render('admin/index.php', Array, true)
#4 C:\laragon\www\WebTiketPesawat\app\Controllers\A_index.php(25): view('admin/index.php', Array)
#5 C:\laragon\www\WebTiketPesawat\system\CodeIgniter.php(832): App\Controllers\A_index->index()
#6 C:\laragon\www\WebTiketPesawat\system\CodeIgniter.php(419): CodeIgniter\CodeIgniter->runController(Object(App\Controllers\A_index))
#7 C:\laragon\www\WebTiketPesawat\system\CodeIgniter.php(326): CodeIgniter\CodeIgniter->handleRequest(NULL, Object(Config\Cache), false)
#8 C:\laragon\www\WebTiketPesawat\index.php(37): CodeIgniter\CodeIgniter->run()
#9 {main}
CRITICAL - 2022-03-15 09:58:47 --> Undefined variable: tittle
#0 C:\laragon\www\WebTiketPesawat\app\Views\admin\index.php(7): CodeIgniter\Debug\Exceptions->errorHandler(8, 'Undefined varia...', 'C:\\laragon\\www\\...', 7, Array)
#1 C:\laragon\www\WebTiketPesawat\system\View\View.php(210): include('C:\\laragon\\www\\...')
#2 C:\laragon\www\WebTiketPesawat\system\View\View.php(213): CodeIgniter\View\View->CodeIgniter\View\{closure}()
#3 C:\laragon\www\WebTiketPesawat\system\Common.php(1089): CodeIgniter\View\View->render('admin/index.php', Array, true)
#4 C:\laragon\www\WebTiketPesawat\app\Controllers\A_index.php(25): view('admin/index.php', Array)
#5 C:\laragon\www\WebTiketPesawat\system\CodeIgniter.php(832): App\Controllers\A_index->index()
#6 C:\laragon\www\WebTiketPesawat\system\CodeIgniter.php(419): CodeIgniter\CodeIgniter->runController(Object(App\Controllers\A_index))
#7 C:\laragon\www\WebTiketPesawat\system\CodeIgniter.php(326): CodeIgniter\CodeIgniter->handleRequest(NULL, Object(Config\Cache), false)
#8 C:\laragon\www\WebTiketPesawat\index.php(37): CodeIgniter\CodeIgniter->run()
#9 {main}
CRITICAL - 2022-03-15 09:58:47 --> Undefined variable: tittle
#0 C:\laragon\www\WebTiketPesawat\app\Views\admin\index.php(7): CodeIgniter\Debug\Exceptions->errorHandler(8, 'Undefined varia...', 'C:\\laragon\\www\\...', 7, Array)
#1 C:\laragon\www\WebTiketPesawat\system\View\View.php(210): include('C:\\laragon\\www\\...')
#2 C:\laragon\www\WebTiketPesawat\system\View\View.php(213): CodeIgniter\View\View->CodeIgniter\View\{closure}()
#3 C:\laragon\www\WebTiketPesawat\system\Common.php(1089): CodeIgniter\View\View->render('admin/index.php', Array, true)
#4 C:\laragon\www\WebTiketPesawat\app\Controllers\A_index.php(25): view('admin/index.php', Array)
#5 C:\laragon\www\WebTiketPesawat\system\CodeIgniter.php(832): App\Controllers\A_index->index()
#6 C:\laragon\www\WebTiketPesawat\system\CodeIgniter.php(419): CodeIgniter\CodeIgniter->runController(Object(App\Controllers\A_index))
#7 C:\laragon\www\WebTiketPesawat\system\CodeIgniter.php(326): CodeIgniter\CodeIgniter->handleRequest(NULL, Object(Config\Cache), false)
#8 C:\laragon\www\WebTiketPesawat\index.php(37): CodeIgniter\CodeIgniter->run()
#9 {main}
CRITICAL - 2022-03-15 09:59:04 --> Undefined variable: tittle
#0 C:\laragon\www\WebTiketPesawat\app\Views\admin\index.php(7): CodeIgniter\Debug\Exceptions->errorHandler(8, 'Undefined varia...', 'C:\\laragon\\www\\...', 7, Array)
#1 C:\laragon\www\WebTiketPesawat\system\View\View.php(210): include('C:\\laragon\\www\\...')
#2 C:\laragon\www\WebTiketPesawat\system\View\View.php(213): CodeIgniter\View\View->CodeIgniter\View\{closure}()
#3 C:\laragon\www\WebTiketPesawat\system\Common.php(1089): CodeIgniter\View\View->render('admin/index', Array, true)
#4 C:\laragon\www\WebTiketPesawat\app\Controllers\A_index.php(25): view('admin/index', Array)
#5 C:\laragon\www\WebTiketPesawat\system\CodeIgniter.php(832): App\Controllers\A_index->index()
#6 C:\laragon\www\WebTiketPesawat\system\CodeIgniter.php(419): CodeIgniter\CodeIgniter->runController(Object(App\Controllers\A_index))
#7 C:\laragon\www\WebTiketPesawat\system\CodeIgniter.php(326): CodeIgniter\CodeIgniter->handleRequest(NULL, Object(Config\Cache), false)
#8 C:\laragon\www\WebTiketPesawat\index.php(37): CodeIgniter\CodeIgniter->run()
#9 {main}
CRITICAL - 2022-03-15 09:59:05 --> Undefined variable: tittle
#0 C:\laragon\www\WebTiketPesawat\app\Views\admin\index.php(7): CodeIgniter\Debug\Exceptions->errorHandler(8, 'Undefined varia...', 'C:\\laragon\\www\\...', 7, Array)
#1 C:\laragon\www\WebTiketPesawat\system\View\View.php(210): include('C:\\laragon\\www\\...')
#2 C:\laragon\www\WebTiketPesawat\system\View\View.php(213): CodeIgniter\View\View->CodeIgniter\View\{closure}()
#3 C:\laragon\www\WebTiketPesawat\system\Common.php(1089): CodeIgniter\View\View->render('admin/index', Array, true)
#4 C:\laragon\www\WebTiketPesawat\app\Controllers\A_index.php(25): view('admin/index', Array)
#5 C:\laragon\www\WebTiketPesawat\system\CodeIgniter.php(832): App\Controllers\A_index->index()
#6 C:\laragon\www\WebTiketPesawat\system\CodeIgniter.php(419): CodeIgniter\CodeIgniter->runController(Object(App\Controllers\A_index))
#7 C:\laragon\www\WebTiketPesawat\system\CodeIgniter.php(326): CodeIgniter\CodeIgniter->handleRequest(NULL, Object(Config\Cache), false)
#8 C:\laragon\www\WebTiketPesawat\index.php(37): CodeIgniter\CodeIgniter->run()
#9 {main}
CRITICAL - 2022-03-15 09:59:05 --> Undefined variable: tittle
#0 C:\laragon\www\WebTiketPesawat\app\Views\admin\index.php(7): CodeIgniter\Debug\Exceptions->errorHandler(8, 'Undefined varia...', 'C:\\laragon\\www\\...', 7, Array)
#1 C:\laragon\www\WebTiketPesawat\system\View\View.php(210): include('C:\\laragon\\www\\...')
#2 C:\laragon\www\WebTiketPesawat\system\View\View.php(213): CodeIgniter\View\View->CodeIgniter\View\{closure}()
#3 C:\laragon\www\WebTiketPesawat\system\Common.php(1089): CodeIgniter\View\View->render('admin/index', Array, true)
#4 C:\laragon\www\WebTiketPesawat\app\Controllers\A_index.php(25): view('admin/index', Array)
#5 C:\laragon\www\WebTiketPesawat\system\CodeIgniter.php(832): App\Controllers\A_index->index()
#6 C:\laragon\www\WebTiketPesawat\system\CodeIgniter.php(419): CodeIgniter\CodeIgniter->runController(Object(App\Controllers\A_index))
#7 C:\laragon\www\WebTiketPesawat\system\CodeIgniter.php(326): CodeIgniter\CodeIgniter->handleRequest(NULL, Object(Config\Cache), false)
#8 C:\laragon\www\WebTiketPesawat\index.php(37): CodeIgniter\CodeIgniter->run()
#9 {main}
CRITICAL - 2022-03-15 09:59:06 --> Undefined variable: tittle
#0 C:\laragon\www\WebTiketPesawat\app\Views\admin\index.php(7): CodeIgniter\Debug\Exceptions->errorHandler(8, 'Undefined varia...', 'C:\\laragon\\www\\...', 7, Array)
#1 C:\laragon\www\WebTiketPesawat\system\View\View.php(210): include('C:\\laragon\\www\\...')
#2 C:\laragon\www\WebTiketPesawat\system\View\View.php(213): CodeIgniter\View\View->CodeIgniter\View\{closure}()
#3 C:\laragon\www\WebTiketPesawat\system\Common.php(1089): CodeIgniter\View\View->render('admin/index', Array, true)
#4 C:\laragon\www\WebTiketPesawat\app\Controllers\A_index.php(25): view('admin/index', Array)
#5 C:\laragon\www\WebTiketPesawat\system\CodeIgniter.php(832): App\Controllers\A_index->index()
#6 C:\laragon\www\WebTiketPesawat\system\CodeIgniter.php(419): CodeIgniter\CodeIgniter->runController(Object(App\Controllers\A_index))
#7 C:\laragon\www\WebTiketPesawat\system\CodeIgniter.php(326): CodeIgniter\CodeIgniter->handleRequest(NULL, Object(Config\Cache), false)
#8 C:\laragon\www\WebTiketPesawat\index.php(37): CodeIgniter\CodeIgniter->run()
#9 {main}
CRITICAL - 2022-03-15 09:59:11 --> Undefined variable: tittle
#0 C:\laragon\www\WebTiketPesawat\app\Views\admin\index.php(7): CodeIgniter\Debug\Exceptions->errorHandler(8, 'Undefined varia...', 'C:\\laragon\\www\\...', 7, Array)
#1 C:\laragon\www\WebTiketPesawat\system\View\View.php(210): include('C:\\laragon\\www\\...')
#2 C:\laragon\www\WebTiketPesawat\system\View\View.php(213): CodeIgniter\View\View->CodeIgniter\View\{closure}()
#3 C:\laragon\www\WebTiketPesawat\system\Common.php(1089): CodeIgniter\View\View->render('admin/index', Array, true)
#4 C:\laragon\www\WebTiketPesawat\app\Controllers\A_index.php(25): view('admin/index', Array)
#5 C:\laragon\www\WebTiketPesawat\system\CodeIgniter.php(832): App\Controllers\A_index->index()
#6 C:\laragon\www\WebTiketPesawat\system\CodeIgniter.php(419): CodeIgniter\CodeIgniter->runController(Object(App\Controllers\A_index))
#7 C:\laragon\www\WebTiketPesawat\system\CodeIgniter.php(326): CodeIgniter\CodeIgniter->handleRequest(NULL, Object(Config\Cache), false)
#8 C:\laragon\www\WebTiketPesawat\index.php(37): CodeIgniter\CodeIgniter->run()
#9 {main}
